<?xml version="1.0" encoding="UTF-8"?>
<!-- Generated by org.testng.reporters.JUnitReportReporter -->
<testsuite hostname="DESKTOP-MP5HQDO" name="com.qa.tests.PostAPITests" tests="1" failures="0" timestamp="21 Jul 2019 17:00:40 GMT" time="1.692" errors="0">
  <testcase name="postUrl" time="1.692" classname="com.qa.tests.PostAPITests"/>
</testsuite> <!-- com.qa.tests.PostAPITests -->
