<?xml version="1.0" encoding="UTF-8"?>
<!-- Generated by org.testng.reporters.JUnitReportReporter -->
<testsuite hostname="DESKTOP-MP5HQDO" name="com.qa.tests.GetAPITests2" tests="2" failures="0" timestamp="20 Jul 2019 16:27:13 GMT" time="2.258" errors="0">
  <testcase name="geturlWithoutHeader" time="1.607" classname="com.qa.tests.GetAPITests2"/>
  <testcase name="geturlWithHeader" time="0.651" classname="com.qa.tests.GetAPITests2"/>
</testsuite> <!-- com.qa.tests.GetAPITests2 -->
