<?xml version="1.0" encoding="UTF-8"?>
<!-- Generated by org.testng.reporters.JUnitReportReporter -->
<testsuite hostname="DESKTOP-MP5HQDO" name="com.qa.tests.GetAPITests" tests="1" failures="0" timestamp="21 Jul 2019 16:37:59 GMT" time="1.470" errors="0">
  <testcase name="geturl" time="1.470" classname="com.qa.tests.GetAPITests"/>
</testsuite> <!-- com.qa.tests.GetAPITests -->
